<?xml version="1.0" encoding="UTF-8"?>
<!-- Generated by org.testng.reporters.JUnitXMLReporter -->
<testsuite ignored="0" hostname="LTIN194558" failures="0" tests="4" name="Default test" time="3.504" errors="0" timestamp="2024-02-27T15:12:59 IST">
  <testcase classname="testbase.Baseclass" name="@BeforeTest setupDriver" time="-1.709026975933E9">
    <failure type="org.testng.TestNGException" message="
Parameter &amp;apos;browser&amp;apos; is required by BeforeTest on method setupDriver but has not been marked @Optional or defined
in C:\Users\2303616\AppData\Local\Temp\3\testng-eclipse-2132880461\testng-customsuite.xml">
      <![CDATA[org.testng.TestNGException: 
Parameter 'browser' is required by BeforeTest on method setupDriver but has not been marked @Optional or defined
in C:\Users\2303616\AppData\Local\Temp\3\testng-eclipse-2132880461\testng-customsuite.xml
at org.testng.internal.Parameters.createParams(Parameters.java:267)
at org.testng.internal.Parameters.createParametersForMethod(Parameters.java:355)
at org.testng.internal.Parameters.createParameters(Parameters.java:693)
at org.testng.internal.Parameters.createConfigurationParameters(Parameters.java:166)
at org.testng.internal.invokers.ConfigInvoker.invokeConfigurations(ConfigInvoker.java:306)
at org.testng.TestRunner.invokeTestConfigurations(TestRunner.java:661)
at org.testng.TestRunner.beforeRun(TestRunner.java:650)
at org.testng.TestRunner.run(TestRunner.java:612)
at org.testng.SuiteRunner.runTest(SuiteRunner.java:443)
at org.testng.SuiteRunner.runSequentially(SuiteRunner.java:437)
at org.testng.SuiteRunner.privateRun(SuiteRunner.java:397)
at org.testng.SuiteRunner.run(SuiteRunner.java:336)
at org.testng.SuiteRunnerWorker.runSuite(SuiteRunnerWorker.java:52)
at org.testng.SuiteRunnerWorker.run(SuiteRunnerWorker.java:95)
at org.testng.TestNG.runSuitesSequentially(TestNG.java:1301)
at org.testng.TestNG.runSuitesLocally(TestNG.java:1228)
at org.testng.TestNG.runSuites(TestNG.java:1134)
at org.testng.TestNG.run(TestNG.java:1101)
at org.testng.remote.AbstractRemoteTestNG.run(AbstractRemoteTestNG.java:115)
at org.testng.remote.RemoteTestNG.initAndRun(RemoteTestNG.java:251)
at org.testng.remote.RemoteTestNG.main(RemoteTestNG.java:77)
]]>
    </failure>
  </testcase> <!-- @BeforeTest setupDriver -->
  <testcase classname="testbase.Baseclass" name="@AfterTest teardown" time="0.0">
    <skipped/>
  </testcase> <!-- @AfterTest teardown -->
  <testcase classname="testcase.LoginCredentials" name="login" time="0.0">
    <skipped/>
  </testcase> <!-- login -->
  <testcase classname="testcase.LoginCredentials" name="mail_validation" time="0.0">
    <skipped/>
  </testcase> <!-- mail_validation -->
  <testcase classname="testcase.LoginCredentials" name="mail_validation" time="0.001">
    <skipped/>
  </testcase> <!-- mail_validation -->
  <testcase classname="testcase.LoginCredentials" name="password_validation" time="0.001">
    <skipped/>
  </testcase> <!-- password_validation -->
</testsuite> <!-- Default test -->
